<?xml version="1.0" encoding="utf-8"?><testsuites name="pytest tests"><testsuite name="pytest" errors="0" failures="0" skipped="0" tests="171" time="12.257" timestamp="2026-09-21T18:06:21.251389+10:00" hostname="DESKTOP-0PNG43R"><testcase classname="tests.test_auth" name="test_register_creates_user" time="2.324" /><testcase classname="tests.test_auth" name="test_register_duplicate_email_rejected" time="0.137" /><testcase classname="tests.test_auth" name="test_login_sets_httponly_cookie" time="0.261" /><testcase classname="tests.test_auth" name="test_login_rejects_wrong_password" time="0.240" /><testcase classname="tests.test_auth" name="test_get_current_user_requires_auth" time="0.013" /><testcase classname="tests.test_auth" name="test_get_current_user_returns_profile" time="0.251" /><testcase classname="tests.test_auth" name="test_logout_clears_session" time="0.227" /><testcase classname="tests.test_auth" name="test_update_profile" time="0.234" /><testcase classname="tests.test_auth" name="test_change_password_wrong_current_password_rejected" time="0.303" /><testcase classname="tests.test_auth" name="test_change_password_then_relogin" time="0.624" /><testcase classname="tests.test_auth_endpoints" name="test_get_current_user_returns_user" time="0.002" /><testcase classname="tests.test_auth_endpoints" name="test_users_me_returns_200_with_overridden_user" time="0.012" /><testcase classname="tests.test_auth_endpoints" name="test_users_me_returns_401_without_auth" time="0.013" /><testcase classname="tests.test_auth_endpoints" name="test_users_me_returns_401_with_invalid_token" time="0.016" /><testcase classname="tests.test_auth_endpoints" name="test_update_users_me" time="0.104" /><testcase classname="tests.test_auth_endpoints" name="test_update_users_me_not_found" time="0.019" /><testcase classname="tests.test_auth_endpoints" name="test_update_users_me_partial_fields" time="0.019" /><testcase classname="tests.test_auth_endpoints" name="test_protected_endpoint_returns_200_for_viewer" time="0.016" /><testcase classname="tests.test_auth_endpoints" name="test_admin_endpoint_forbidden_for_viewer" time="0.015" /><testcase classname="tests.test_auth_endpoints" name="test_admin_endpoint_ok_for_admin" time="0.017" /><testcase classname="tests.test_auth_endpoints" name="test_auditor_endpoint_forbidden_for_viewer" time="0.018" /><testcase classname="tests.test_auth_endpoints" name="test_auditor_endpoint_ok_for_auditor" time="0.016" /><testcase classname="tests.test_auth_oauth" name="test_google_redirect_uri" time="0.007" /><testcase classname="tests.test_auth_oauth" name="test_frontend_google_callback_url" time="0.004" /><testcase classname="tests.test_auth_oauth" name="test_google_oauth_client_requires_config" time="0.005" /><testcase classname="tests.test_auth_oauth" name="test_google_oauth_client_builds_client" time="0.005" /><testcase classname="tests.test_auth_oauth" name="test_change_password_success" time="0.017" /><testcase classname="tests.test_auth_oauth" name="test_change_password_wrong_current" time="0.014" /><testcase classname="tests.test_auth_oauth" name="test_change_password_user_not_found" time="0.014" /><testcase classname="tests.test_auth_oauth" name="test_google_authorize_not_configured" time="0.017" /><testcase classname="tests.test_auth_oauth" name="test_google_authorize_redirects_to_google" time="0.017" /><testcase classname="tests.test_auth_oauth" name="test_google_callback_invalid_state" time="0.021" /><testcase classname="tests.test_auth_oauth" name="test_google_callback_missing_code" time="0.016" /><testcase classname="tests.test_auth_oauth" name="test_google_callback_token_exchange_failed" time="0.019" /><testcase classname="tests.test_auth_oauth" name="test_google_callback_userinfo_failed" time="0.023" /><testcase classname="tests.test_auth_oauth" name="test_google_callback_invalid_profile" time="0.023" /><testcase classname="tests.test_auth_oauth" name="test_google_callback_email_not_verified" time="0.026" /><testcase classname="tests.test_auth_oauth" name="test_google_callback_user_link_failed" time="0.028" /><testcase classname="tests.test_auth_oauth" name="test_google_callback_success" time="0.028" /><testcase classname="tests.test_benchmark_reader" name="test_get_benchmark_path" time="0.011" /><testcase classname="tests.test_benchmark_reader" name="test_get_benchmark_metadata_ok" time="0.007" /><testcase classname="tests.test_benchmark_reader" name="test_get_benchmark_metadata_missing" time="0.003" /><testcase classname="tests.test_benchmark_reader" name="test_get_control_metadata_ok" time="0.005" /><testcase classname="tests.test_benchmark_reader" name="test_get_control_metadata_not_found" time="0.008" /><testcase classname="tests.test_benchmark_reader" name="test_list_benchmarks_empty_dir" time="0.003" /><testcase classname="tests.test_benchmark_reader" name="test_list_benchmarks_skips_junk" time="0.013" /><testcase classname="tests.test_benchmark_reader" name="test_list_controls" time="0.005" /><testcase classname="tests.test_benchmark_reader" name="test_benchmark_exists" time="0.008" /><testcase classname="tests.test_benchmark_reader" name="test_init_uses_settings_when_dir_omitted" time="0.003" /><testcase classname="tests.test_benchmark_reader" name="test_get_file_reader_cached" time="0.005" /><testcase classname="tests.test_benchmarks" name="test_list_benchmarks" time="0.015" /><testcase classname="tests.test_benchmarks" name="test_get_benchmark_ok" time="0.016" /><testcase classname="tests.test_benchmarks" name="test_get_benchmark_not_found" time="0.014" /><testcase classname="tests.test_benchmarks" name="test_list_controls" time="0.015" /><testcase classname="tests.test_benchmarks" name="test_get_control_ok" time="0.017" /><testcase classname="tests.test_benchmarks" name="test_get_control_not_found" time="0.015" /><testcase classname="tests.test_benchmarks" name="test_list_benchmarks_unauthorized" time="0.017" /><testcase classname="tests.test_contact" name="test_create_contact_submission_public" time="0.019" /><testcase classname="tests.test_contact" name="test_create_contact_submission_validation_error" time="0.012" /><testcase classname="tests.test_contact" name="test_list_submissions_admin_ok" time="0.025" /><testcase classname="tests.test_contact" name="test_list_submissions_forbidden_for_viewer" time="0.016" /><testcase classname="tests.test_contact" name="test_get_submission_ok" time="0.024" /><testcase classname="tests.test_contact" name="test_get_submission_not_found" time="0.022" /><testcase classname="tests.test_contact" name="test_update_submission_status_to_resolved" time="0.048" /><testcase classname="tests.test_contact" name="test_update_submission_clears_resolved_at" time="0.041" /><testcase classname="tests.test_contact" name="test_update_submission_not_found" time="0.027" /><testcase classname="tests.test_contact" name="test_delete_submission_ok" time="0.027" /><testcase classname="tests.test_contact" name="test_delete_submission_not_found" time="0.028" /><testcase classname="tests.test_contact" name="test_list_and_add_notes" time="0.037" /><testcase classname="tests.test_contact" name="test_add_note_submission_not_found" time="0.150" /><testcase classname="tests.test_contact" name="test_list_history" time="0.026" /><testcase classname="tests.test_errors" name="test_problem_without_detail" time="0.002" /><testcase classname="tests.test_errors" name="test_problem_with_detail" time="0.002" /><testcase classname="tests.test_errors" name="test_not_found_exception_sets_detail" time="0.002" /><testcase classname="tests.test_errors" name="test_not_found_handler" time="0.005" /><testcase classname="tests.test_evidence" name="test_strategies_is_public" time="0.032" /><testcase classname="tests.test_evidence" name="test_health_is_public" time="0.011" /><testcase classname="tests.test_evidence" name="test_scan_requires_auth" time="0.021" /><testcase classname="tests.test_evidence" name="test_download_report_requires_auth" time="0.015" /><testcase classname="tests.test_health_public" name="test_public_endpoint_returns_200" time="0.015" /><testcase classname="tests.test_init_db" name="test_init_db_creates_admin_when_missing" time="0.013" /><testcase classname="tests.test_init_db" name="test_init_db_updates_existing_admin" time="0.016" /><testcase classname="tests.test_m365_connections" name="test_create_connection_validation_error" time="0.020" /><testcase classname="tests.test_m365_connections" name="test_create_connection_success" time="0.025" /><testcase classname="tests.test_m365_connections" name="test_get_update_delete_and_test_connection" time="0.043" /><testcase classname="tests.test_m365_connections" name="test_test_connection_failure_result" time="0.023" /><testcase classname="tests.test_m365_connections" name="test_update_requires_secret_when_ids_change" time="0.024" /><testcase classname="tests.test_m365_graph" name="test_first_line_helpers" time="0.002" /><testcase classname="tests.test_m365_graph" name="test_acquire_graph_access_token_missing_fields" time="0.002" /><testcase classname="tests.test_m365_graph" name="test_acquire_graph_access_token_success_and_errors" time="0.009" /><testcase classname="tests.test_m365_graph" name="test_probe_tenant_details_paths" time="0.028" /><testcase classname="tests.test_m365_graph" name="test_validate_m365_connection_wires_helpers" time="0.005" /><testcase classname="tests.test_main" name="test_create_app_root_and_liveness" time="0.032" /><testcase classname="tests.test_main" name="test_metrics_requires_authentication" time="0.030" /><testcase classname="tests.test_manual_verification" name="test_nonexistent_returns_404[get-/v1/manual-verification/99999-None]" time="0.028" /><testcase classname="tests.test_manual_verification" name="test_nonexistent_returns_404[patch-/v1/manual-verification/99999-json_body1]" time="0.024" /><testcase classname="tests.test_manual_verification" name="test_nonexistent_returns_404[delete-/v1/manual-verification/99999-None]" time="0.023" /><testcase classname="tests.test_manual_verification" name="test_nonexistent_returns_404[get-/v1/manual-verification/by-scan-result/99999-None]" time="0.026" /><testcase classname="tests.test_manual_verification" name="test_get_forbidden_for_other_user" time="0.025" /><testcase classname="tests.test_manual_verification" name="test_get_and_by_scan_result_ok" time="0.024" /><testcase classname="tests.test_manual_verification" name="test_patch_and_delete_ok" time="0.029" /><testcase classname="tests.test_manual_verification" name="test_create_paths" time="0.062" /><testcase classname="tests.test_permissions" name="test_require_auditor_or_above_allows_admin" time="0.002" /><testcase classname="tests.test_permissions" name="test_require_auditor_or_above_allows_auditor" time="0.002" /><testcase classname="tests.test_permissions" name="test_require_auditor_or_above_rejects_viewer" time="0.001" /><testcase classname="tests.test_permissions" name="test_require_admin_allows_admin" time="0.001" /><testcase classname="tests.test_permissions" name="test_require_admin_rejects_auditor" time="0.002" /><testcase classname="tests.test_permissions" name="test_require_viewer_or_above_allows_viewer" time="0.002" /><testcase classname="tests.test_permissions" name="test_role_checker_allows_listed_roles" time="0.001" /><testcase classname="tests.test_permissions" name="test_role_checker_rejects_unlisted_role" time="0.002" /><testcase classname="tests.test_permissions" name="test_make_user_defaults" time="0.002" /><testcase classname="tests.test_platforms" name="test_list_active_platforms" time="0.025" /><testcase classname="tests.test_platforms" name="test_list_all_platforms" time="0.024" /><testcase classname="tests.test_platforms" name="test_list_platforms_unauthorized" time="0.024" /><testcase classname="tests.test_rbac_m365_connections" name="test_viewer_cannot_create_connection" time="0.020" /><testcase classname="tests.test_rbac_m365_connections" name="test_viewer_cannot_update_connection" time="0.022" /><testcase classname="tests.test_rbac_m365_connections" name="test_viewer_cannot_delete_connection" time="0.020" /><testcase classname="tests.test_rbac_m365_connections" name="test_viewer_cannot_test_connection" time="0.022" /><testcase classname="tests.test_rbac_m365_connections" name="test_viewer_can_list_connections" time="0.021" /><testcase classname="tests.test_rbac_m365_connections" name="test_viewer_can_get_connection_not_found" time="0.018" /><testcase classname="tests.test_rbac_m365_connections" name="test_admin_passes_rbac_on_update_connection" time="0.021" /><testcase classname="tests.test_rbac_m365_connections" name="test_auditor_passes_rbac_on_create_connection" time="0.856" /><testcase classname="tests.test_rbac_m365_connections" name="test_auditor_passes_rbac_on_delete_connection" time="0.027" /><testcase classname="tests.test_rbac_scans" name="test_viewer_cannot_create_scan" time="0.023" /><testcase classname="tests.test_rbac_scans" name="test_viewer_cannot_delete_scan" time="0.022" /><testcase classname="tests.test_rbac_scans" name="test_viewer_can_list_scans" time="0.022" /><testcase classname="tests.test_rbac_scans" name="test_viewer_can_get_scan_detail_not_found" time="0.019" /><testcase classname="tests.test_rbac_scans" name="test_admin_passes_rbac_on_create_scan" time="0.019" /><testcase classname="tests.test_rbac_scans" name="test_auditor_passes_rbac_on_create_scan" time="0.152" /><testcase classname="tests.test_rbac_scans" name="test_auditor_passes_rbac_on_delete_scan" time="0.022" /><testcase classname="tests.test_readiness" name="test_readiness_when_database_available" time="0.022" /><testcase classname="tests.test_readiness" name="test_readiness_when_database_unavailable" time="0.025" /><testcase classname="tests.test_scan_readiness" name="test_extract_required_permissions" time="0.003" /><testcase classname="tests.test_scan_readiness" name="test_extract_graph_error_detail" time="0.002" /><testcase classname="tests.test_scan_readiness" name="test_evaluate_scan_readiness_auth_failure" time="0.003" /><testcase classname="tests.test_scan_readiness" name="test_evaluate_scan_readiness_ready_with_mixed_probes" time="0.012" /><testcase classname="tests.test_scans" name="test_list_scans_requires_auth" time="0.014" /><testcase classname="tests.test_scans" name="test_list_scans_empty_for_new_user" time="0.299" /><testcase classname="tests.test_scans" name="test_get_scan_requires_auth" time="0.011" /><testcase classname="tests.test_scans" name="test_get_nonexistent_scan_returns_404" time="0.295" /><testcase classname="tests.test_scans" name="test_get_scan_summary_nonexistent_returns_404" time="0.317" /><testcase classname="tests.test_scans" name="test_get_scan_results_nonexistent_returns_404" time="0.382" /><testcase classname="tests.test_scans" name="test_delete_nonexistent_scan_returns_404" time="0.383" /><testcase classname="tests.test_scans" name="test_delete_scan_requires_auth" time="0.015" /><testcase classname="tests.test_scans" name="test_create_scan_nonexistent_connection_returns_404" time="0.353" /><testcase classname="tests.test_scans" name="test_create_scan_requires_auth" time="0.014" /><testcase classname="tests.test_scans" name="test_readiness_nonexistent_connection_returns_404" time="0.309" /><testcase classname="tests.test_scans" name="test_readiness_requires_auth" time="0.013" /><testcase classname="tests.test_scans" name="test_create_scan_happy_path" time="0.444" /><testcase classname="tests.test_scans" name="test_create_scan_with_control_ids_skips_the_rest" time="0.496" /><testcase classname="tests.test_scans" name="test_list_scans_supports_filters_and_safe_pagination" time="0.038" /><testcase classname="tests.test_scans" name="test_list_scans_rejects_invalid_filter_parameters[params0]" time="0.043" /><testcase classname="tests.test_scans" name="test_list_scans_rejects_invalid_filter_parameters[params1]" time="0.022" /><testcase classname="tests.test_scans" name="test_list_scans_rejects_invalid_filter_parameters[params2]" time="0.023" /><testcase classname="tests.test_scans" name="test_list_scans_rejects_invalid_filter_parameters[params3]" time="0.021" /><testcase classname="tests.test_schemas" name="test_benchmark_schemas" time="0.003" /><testcase classname="tests.test_schemas" name="test_m365_connection_schemas" time="0.002" /><testcase classname="tests.test_schemas" name="test_scan_schemas" time="0.002" /><testcase classname="tests.test_schemas" name="test_scan_connection_name_property" time="0.005" /><testcase classname="tests.test_schemas" name="test_aws_connection_schemas" time="0.002" /><testcase classname="tests.test_schemas" name="test_azure_connection_schemas" time="0.002" /><testcase classname="tests.test_schemas" name="test_control_verification_template_schemas" time="0.004" /><testcase classname="tests.test_session" name="test_get_async_session_yields_session" time="0.007" /><testcase classname="tests.test_settings" name="test_get_settings_creates_defaults" time="0.029" /><testcase classname="tests.test_settings" name="test_get_settings_returns_existing" time="0.024" /><testcase classname="tests.test_settings" name="test_update_settings" time="0.033" /><testcase classname="tests.test_settings" name="test_update_settings_no_fields" time="0.023" /><testcase classname="tests.test_settings" name="test_get_settings_unauthorized" time="0.023" /><testcase classname="tests.test_verification_templates" name="test_authenticated_user_gets_404_for_missing_template" time="0.021" /><testcase classname="tests.test_verification_templates" name="test_viewer_cannot_create_verification_template" time="0.020" /><testcase classname="tests.test_verification_templates" name="test_admin_cannot_create_duplicate_verification_template" time="0.027" /></testsuite></testsuites>